Start testing: Jan 04 15:16 EST
----------------------------------------------------------
1/2 Testing: that-test-I-made
1/2 Test: that-test-I-made
Command: "/Users/daze/Documents/Workspace/Hacks/gtest-cmake-example/build/runUnitTests"
Directory: /Users/daze/Documents/Workspace/Hacks/gtest-cmake-example/build
"that-test-I-made" start time: Jan 04 15:16 EST
Output:
----------------------------------------------------------
Running main() from gtest_main.cc
[==========] Running 3 tests from 2 test cases.
[----------] Global test environment set-up.
[----------] 2 tests from IndependentMethod
[ RUN      ] IndependentMethod.ResetsToZero
[       OK ] IndependentMethod.ResetsToZero (0 ms)
[ RUN      ] IndependentMethod.ResetsToZero2
[       OK ] IndependentMethod.ResetsToZero2 (0 ms)
[----------] 2 tests from IndependentMethod (0 ms total)

[----------] 1 test from Project1Test
[ RUN      ] Project1Test.MethodBarDoesAbc
[       OK ] Project1Test.MethodBarDoesAbc (0 ms)
[----------] 1 test from Project1Test (0 ms total)

[----------] Global test environment tear-down
[==========] 3 tests from 2 test cases ran. (0 ms total)
[  PASSED  ] 3 tests.
<end of output>
Test time =   0.00 sec
----------------------------------------------------------
Test Passed.
"that-test-I-made" end time: Jan 04 15:16 EST
"that-test-I-made" time elapsed: 00:00:00
----------------------------------------------------------

2/2 Testing: that-other-test-I-made
2/2 Test: that-other-test-I-made
Command: "/Users/daze/Documents/Workspace/Hacks/gtest-cmake-example/build/runUnitTests"
Directory: /Users/daze/Documents/Workspace/Hacks/gtest-cmake-example/build
"that-other-test-I-made" start time: Jan 04 15:16 EST
Output:
----------------------------------------------------------
Running main() from gtest_main.cc
[==========] Running 3 tests from 2 test cases.
[----------] Global test environment set-up.
[----------] 2 tests from IndependentMethod
[ RUN      ] IndependentMethod.ResetsToZero
[       OK ] IndependentMethod.ResetsToZero (0 ms)
[ RUN      ] IndependentMethod.ResetsToZero2
[       OK ] IndependentMethod.ResetsToZero2 (0 ms)
[----------] 2 tests from IndependentMethod (0 ms total)

[----------] 1 test from Project1Test
[ RUN      ] Project1Test.MethodBarDoesAbc
[       OK ] Project1Test.MethodBarDoesAbc (0 ms)
[----------] 1 test from Project1Test (1 ms total)

[----------] Global test environment tear-down
[==========] 3 tests from 2 test cases ran. (1 ms total)
[  PASSED  ] 3 tests.
<end of output>
Test time =   0.00 sec
----------------------------------------------------------
Test Passed.
"that-other-test-I-made" end time: Jan 04 15:16 EST
"that-other-test-I-made" time elapsed: 00:00:00
----------------------------------------------------------

End testing: Jan 04 15:16 EST
